#
# There is insufficient memory for the Java Runtime Environment to continue.
# Native memory allocation (malloc) failed to allocate 317936 bytes for Chunk::new
# Possible reasons:
#   The system is out of physical RAM or swap space
#   The process is running with CompressedOops enabled, and the Java Heap may be blocking the growth of the native heap
# Possible solutions:
#   Reduce memory load on the system
#   Increase physical memory or swap space
#   Check if swap backing store is full
#   Decrease Java heap size (-Xmx/-Xms)
#   Decrease number of Java threads
#   Decrease Java thread stack sizes (-Xss)
#   Set larger code cache with -XX:ReservedCodeCacheSize=
#   JVM is running with Unscaled Compressed Oops mode in which the Java heap is
#     placed in the first 4GB address space. The Java Heap base address is the
#     maximum limit for the native heap growth. Please use -XX:HeapBaseMinAddress
#     to set the Java Heap base and to place the Java Heap above 4GB virtual address.
# This output file may be truncated or incomplete.
#
#  Out of Memory Error (allocation.cpp:389), pid=17552, tid=0x0000000000004528
#
# JRE version: OpenJDK Runtime Environment (8.0_242-b01) (build 1.8.0_242-release-1644-b01)
# Java VM: OpenJDK 64-Bit Server VM (25.242-b01 mixed mode windows-amd64 compressed oops)
# Failed to write core dump. Minidumps are not enabled by default on client versions of Windows
#

---------------  T H R E A D  ---------------

Current thread (0x0000000017930800):  JavaThread "C2 CompilerThread0" daemon [_thread_in_native, id=17704, stack(0x0000000018960000,0x0000000018a60000)]

Stack: [0x0000000018960000,0x0000000018a60000]
[error occurred during error reporting (printing stack bounds), id 0xc0000005]

Native frames: (J=compiled Java code, j=interpreted, Vv=VM code, C=native code)


Current CompileTask:
C2:  73933 4559   !   4       com.sun.beans.TypeResolver::resolve (274 bytes)


---------------  P R O C E S S  ---------------

Java Threads: ( => current thread )
  0x000000001bfad800 JavaThread "Cache worker for Build Output Cleanup Cache (C:\Users\Jaber Alkhaldi\AndroidStudioProjects\Day1\.gradle\buildOutputCleanup)" [_thread_blocked, id=6100, stack(0x0000000020f60000,0x0000000021060000)]
  0x000000001bfb3800 JavaThread "Build operations Thread 2" [_thread_blocked, id=12348, stack(0x0000000020a60000,0x0000000020b60000)]
  0x000000001bfac800 JavaThread "Build operations" [_thread_blocked, id=15340, stack(0x0000000020960000,0x0000000020a60000)]
  0x0000000019ece000 JavaThread "Cache worker for execution history cache (C:\Users\Jaber Alkhaldi\.gradle\caches\6.1.1\executionHistory)" [_thread_blocked, id=18024, stack(0x000000001ea50000,0x000000001eb50000)]
  0x0000000019ec9800 JavaThread "Cache worker for cache directory md-rule (C:\Users\Jaber Alkhaldi\.gradle\caches\6.1.1\md-rule)" [_thread_blocked, id=12436, stack(0x000000001e950000,0x000000001ea50000)]
  0x0000000019ecc800 JavaThread "Cache worker for cache directory md-supplier (C:\Users\Jaber Alkhaldi\.gradle\caches\6.1.1\md-supplier)" [_thread_blocked, id=10128, stack(0x000000001e850000,0x000000001e950000)]
  0x0000000019ece800 JavaThread "Cache worker for file hash cache (C:\Users\Jaber Alkhaldi\AndroidStudioProjects\Day1\.gradle\6.1.1\fileHashes)" [_thread_blocked, id=16288, stack(0x000000001e350000,0x000000001e450000)]
  0x0000000019ecb800 JavaThread "Cache worker for checksums cache (C:\Users\Jaber Alkhaldi\AndroidStudioProjects\Day1\.gradle\checksums)" [_thread_blocked, id=1832, stack(0x000000001e250000,0x000000001e350000)]
  0x0000000019ecb000 JavaThread "Cache worker for file hash cache (C:\Users\Jaber Alkhaldi\.gradle\caches\6.1.1\fileHashes)" [_thread_blocked, id=12840, stack(0x000000001df50000,0x000000001e050000)]
  0x0000000019ecd000 JavaThread "File lock request listener" [_thread_in_native, id=988, stack(0x000000001de50000,0x000000001df50000)]
  0x0000000019f04800 JavaThread "Cache worker for journal cache (C:\Users\Jaber Alkhaldi\.gradle\caches\journal-1)" [_thread_blocked, id=15336, stack(0x000000001dd50000,0x000000001de50000)]
  0x000000001998e000 JavaThread "Thread-9" [_thread_blocked, id=9792, stack(0x000000001bab0000,0x000000001bbb0000)]
  0x00000000179c0000 JavaThread "Asynchronous log dispatcher for DefaultDaemonConnection: socket connection from /127.0.0.1:56642 to /127.0.0.1:56643" [_thread_blocked, id=13836, stack(0x000000001b8b0000,0x000000001b9b0000)]
  0x00000000179be000 JavaThread "Daemon worker" [_thread_in_vm, id=16732, stack(0x000000001b7b0000,0x000000001b8b0000)]
  0x00000000179bb000 JavaThread "Cancel handler" [_thread_blocked, id=13448, stack(0x000000001b6b0000,0x000000001b7b0000)]
  0x000000001904a000 JavaThread "Handler for socket connection from /127.0.0.1:56642 to /127.0.0.1:56643" [_thread_in_native, id=16044, stack(0x000000001b3b0000,0x000000001b4b0000)]
  0x0000000019049800 JavaThread "Daemon" [_thread_blocked, id=18332, stack(0x000000001b2b0000,0x000000001b3b0000)]
  0x0000000018ff1000 JavaThread "Daemon periodic checks" [_thread_blocked, id=3400, stack(0x000000001b1b0000,0x000000001b2b0000)]
  0x0000000018f15800 JavaThread "Incoming local TCP Connector on port 56642" [_thread_in_native, id=7736, stack(0x000000001af70000,0x000000001b070000)]
  0x0000000018ea0000 JavaThread "Daemon health stats" [_thread_blocked, id=12940, stack(0x000000001a930000,0x000000001aa30000)]
  0x0000000017990800 JavaThread "Service Thread" daemon [_thread_blocked, id=16724, stack(0x0000000018b60000,0x0000000018c60000)]
  0x0000000017933800 JavaThread "C1 CompilerThread1" daemon [_thread_blocked, id=13504, stack(0x0000000018a60000,0x0000000018b60000)]
=>0x0000000017930800 JavaThread "C2 CompilerThread0" daemon [_thread_in_native, id=17704, stack(0x0000000018960000,0x0000000018a60000)]
  0x000000001792f000 JavaThread "Attach Listener" daemon [_thread_blocked, id=14152, stack(0x0000000018860000,0x0000000018960000)]
  0x000000001792c000 JavaThread "Signal Dispatcher" daemon [_thread_blocked, id=9624, stack(0x0000000018760000,0x0000000018860000)]
  0x0000000002e91800 JavaThread "Finalizer" daemon [_thread_blocked, id=4504, stack(0x0000000018560000,0x0000000018660000)]
  0x0000000017917000 JavaThread "Reference Handler" daemon [_thread_blocked, id=11496, stack(0x0000000018460000,0x0000000018560000)]
  0x0000000002f4e000 JavaThread "main" [_thread_blocked, id=9468, stack(0x0000000002c40000,0x0000000002d40000)]

Other Threads:
  0x00000000178f5800 VMThread [stack: 0x0000000018360000,0x0000000018460000] [id=5644]
  0x0000000017989000 WatcherThread [stack: 0x0000000018c60000,0x0000000018d60000] [id=12092]

VM state:not at safepoint (normal execution)

VM Mutex/Monitor currently owned by a thread: None

heap address: 0x0000000080000000, size: 2048 MB, Compressed Oops mode: 32-bit
Narrow klass base: 0x0000000000000000, Narrow klass shift: 3
Compressed class space size: 1073741824 Address: 0x0000000100000000

Heap:
 PSYoungGen      total 100864K, used 41380K [0x00000000d5580000, 0x00000000dc900000, 0x0000000100000000)
  eden space 91648K, 35% used [0x00000000d5580000,0x00000000d74ea730,0x00000000daf00000)
  from space 9216K, 99% used [0x00000000dbb00000,0x00000000dc3fea60,0x00000000dc400000)
  to   space 12288K, 0% used [0x00000000daf00000,0x00000000daf00000,0x00000000dbb00000)
 ParOldGen       total 52736K, used 19946K [0x0000000080000000, 0x0000000083380000, 0x00000000d5580000)
  object space 52736K, 37% used [0x0000000080000000,0x000000008137a9f8,0x0000000083380000)
 Metaspace       used 50405K, capacity 52046K, committed 52272K, reserved 1093632K
  class space    used 6728K, capacity 7126K, committed 7216K, reserved 1048576K

Card table byte_map: [0x0000000012310000,0x0000000012720000] byte_map_base: 0x0000000011f10000

Marking Bits: (ParMarkBitMap*) 0x00000000678ef030
 Begin Bits: [0x0000000012bd0000, 0x0000000014bd0000)
 End Bits:   [0x0000000014bd0000, 0x0000000016bd0000)

Polling page: 0x0000000000dd0000

CodeCache: size=245760Kb used=14566Kb max_used=14566Kb free=231193Kb
 bounds [0x0000000002f50000, 0x0000000003da0000, 0x0000000011f50000]
 total_blobs=4958 nmethods=4192 adapters=679
 compilation: enabled

Compilation events (10 events):
Event: 73.637 Thread 0x0000000017933800 4611       3       java.lang.invoke.Invokers::linkToTargetMethod (11 bytes)
Event: 73.638 Thread 0x0000000017933800 nmethod 4611 0x0000000003d8bcd0 code [0x0000000003d8be40, 0x0000000003d8bfc8]
Event: 73.701 Thread 0x0000000017933800 4612       3       sun.reflect.generics.tree.SimpleClassTypeSignature::accept (8 bytes)
Event: 73.701 Thread 0x0000000017933800 nmethod 4612 0x0000000003d8c350 code [0x0000000003d8c500, 0x0000000003d8c988]
Event: 73.706 Thread 0x0000000017933800 4613       3       sun.reflect.ClassFileAssembler::opc_athrow (12 bytes)
Event: 73.706 Thread 0x0000000017933800 nmethod 4613 0x0000000003d8ccd0 code [0x0000000003d8ce60, 0x0000000003d8d168]
Event: 73.707 Thread 0x0000000017933800 4614       3       java.util.Vector::<init> (7 bytes)
Event: 73.707 Thread 0x0000000017933800 nmethod 4614 0x0000000003d8d2d0 code [0x0000000003d8d440, 0x0000000003d8d648]
Event: 73.708 Thread 0x0000000017933800 4615       3       org.objectweb.asm.ClassWriter::toByteArray (1281 bytes)
Event: 73.715 Thread 0x0000000017933800 nmethod 4615 0x0000000003d8d710 code [0x0000000003d8dee0, 0x0000000003d928c8]

GC Heap History (10 events):
Event: 46.964 GC heap before
{Heap before GC invocations=14 (full 1):
 PSYoungGen      total 60928K, used 57205K [0x00000000d5580000, 0x00000000d9e80000, 0x0000000100000000)
  eden space 53248K, 100% used [0x00000000d5580000,0x00000000d8980000,0x00000000d8980000)
  from space 7680K, 51% used [0x00000000d9100000,0x00000000d94dd7a8,0x00000000d9880000)
  to   space 7680K, 0% used [0x00000000d8980000,0x00000000d8980000,0x00000000d9100000)
 ParOldGen       total 35328K, used 13013K [0x0000000080000000, 0x0000000082280000, 0x00000000d5580000)
  object space 35328K, 36% used [0x0000000080000000,0x0000000080cb57d8,0x0000000082280000)
 Metaspace       used 34056K, capacity 34882K, committed 35120K, reserved 1079296K
  class space    used 4667K, capacity 4892K, committed 4912K, reserved 1048576K
Event: 47.924 GC heap after
Heap after GC invocations=14 (full 1):
 PSYoungGen      total 60928K, used 3563K [0x00000000d5580000, 0x00000000db080000, 0x0000000100000000)
  eden space 53248K, 0% used [0x00000000d5580000,0x00000000d5580000,0x00000000d8980000)
  from space 7680K, 46% used [0x00000000d8980000,0x00000000d8cfad48,0x00000000d9100000)
  to   space 7168K, 0% used [0x00000000da980000,0x00000000da980000,0x00000000db080000)
 ParOldGen       total 35328K, used 14485K [0x0000000080000000, 0x0000000082280000, 0x00000000d5580000)
  object space 35328K, 41% used [0x0000000080000000,0x0000000080e257d8,0x0000000082280000)
 Metaspace       used 34056K, capacity 34882K, committed 35120K, reserved 1079296K
  class space    used 4667K, capacity 4892K, committed 4912K, reserved 1048576K
}
Event: 51.000 GC heap before
{Heap before GC invocations=15 (full 1):
 PSYoungGen      total 60928K, used 12950K [0x00000000d5580000, 0x00000000db080000, 0x0000000100000000)
  eden space 53248K, 17% used [0x00000000d5580000,0x00000000d5eaad40,0x00000000d8980000)
  from space 7680K, 46% used [0x00000000d8980000,0x00000000d8cfad48,0x00000000d9100000)
  to   space 7168K, 0% used [0x00000000da980000,0x00000000da980000,0x00000000db080000)
 ParOldGen       total 35328K, used 14485K [0x0000000080000000, 0x0000000082280000, 0x00000000d5580000)
  object space 35328K, 41% used [0x0000000080000000,0x0000000080e257d8,0x0000000082280000)
 Metaspace       used 34553K, capacity 35398K, committed 35496K, reserved 1079296K
  class space    used 4736K, capacity 4970K, committed 5040K, reserved 1048576K
Event: 51.008 GC heap after
Heap after GC invocations=15 (full 1):
 PSYoungGen      total 83968K, used 714K [0x00000000d5580000, 0x00000000db000000, 0x0000000100000000)
  eden space 77312K, 0% used [0x00000000d5580000,0x00000000d5580000,0x00000000da100000)
  from space 6656K, 10% used [0x00000000da980000,0x00000000daa329a0,0x00000000db000000)
  to   space 7680K, 0% used [0x00000000da100000,0x00000000da100000,0x00000000da880000)
 ParOldGen       total 35328K, used 15809K [0x0000000080000000, 0x0000000082280000, 0x00000000d5580000)
  object space 35328K, 44% used [0x0000000080000000,0x0000000080f707f8,0x0000000082280000)
 Metaspace       used 34553K, capacity 35398K, committed 35496K, reserved 1079296K
  class space    used 4736K, capacity 4970K, committed 5040K, reserved 1048576K
}
Event: 51.015 GC heap before
{Heap before GC invocations=16 (full 2):
 PSYoungGen      total 83968K, used 714K [0x00000000d5580000, 0x00000000db000000, 0x0000000100000000)
  eden space 77312K, 0% used [0x00000000d5580000,0x00000000d5580000,0x00000000da100000)
  from space 6656K, 10% used [0x00000000da980000,0x00000000daa329a0,0x00000000db000000)
  to   space 7680K, 0% used [0x00000000da100000,0x00000000da100000,0x00000000da880000)
 ParOldGen       total 35328K, used 15809K [0x0000000080000000, 0x0000000082280000, 0x00000000d5580000)
  object space 35328K, 44% used [0x0000000080000000,0x0000000080f707f8,0x0000000082280000)
 Metaspace       used 34553K, capacity 35398K, committed 35496K, reserved 1079296K
  class space    used 4736K, capacity 4970K, committed 5040K, reserved 1048576K
Event: 53.481 GC heap after
Heap after GC invocations=16 (full 2):
 PSYoungGen      total 83968K, used 0K [0x00000000d5580000, 0x00000000db000000, 0x0000000100000000)
  eden space 77312K, 0% used [0x00000000d5580000,0x00000000d5580000,0x00000000da100000)
  from space 6656K, 0% used [0x00000000da980000,0x00000000da980000,0x00000000db000000)
  to   space 7680K, 0% used [0x00000000da100000,0x00000000da100000,0x00000000da880000)
 ParOldGen       total 52736K, used 13503K [0x0000000080000000, 0x0000000083380000, 0x00000000d5580000)
  object space 52736K, 25% used [0x0000000080000000,0x0000000080d2fdb0,0x0000000083380000)
 Metaspace       used 34553K, capacity 35398K, committed 35496K, reserved 1079296K
  class space    used 4736K, capacity 4970K, committed 5040K, reserved 1048576K
}
Event: 66.557 GC heap before
{Heap before GC invocations=17 (full 2):
 PSYoungGen      total 83968K, used 77312K [0x00000000d5580000, 0x00000000db000000, 0x0000000100000000)
  eden space 77312K, 100% used [0x00000000d5580000,0x00000000da100000,0x00000000da100000)
  from space 6656K, 0% used [0x00000000da980000,0x00000000da980000,0x00000000db000000)
  to   space 7680K, 0% used [0x00000000da100000,0x00000000da100000,0x00000000da880000)
 ParOldGen       total 52736K, used 13503K [0x0000000080000000, 0x0000000083380000, 0x00000000d5580000)
  object space 52736K, 25% used [0x0000000080000000,0x0000000080d2fdb0,0x0000000083380000)
 Metaspace       used 41162K, capacity 42412K, committed 42544K, reserved 1085440K
  class space    used 5575K, capacity 5884K, committed 5936K, reserved 1048576K
Event: 66.639 GC heap after
Heap after GC invocations=17 (full 2):
 PSYoungGen      total 84992K, used 7656K [0x00000000d5580000, 0x00000000dc400000, 0x0000000100000000)
  eden space 77312K, 0% used [0x00000000d5580000,0x00000000d5580000,0x00000000da100000)
  from space 7680K, 99% used [0x00000000da100000,0x00000000da87a0e0,0x00000000da880000)
  to   space 9216K, 0% used [0x00000000dbb00000,0x00000000dbb00000,0x00000000dc400000)
 ParOldGen       total 52736K, used 14994K [0x0000000080000000, 0x0000000083380000, 0x00000000d5580000)
  object space 52736K, 28% used [0x0000000080000000,0x0000000080ea4958,0x0000000083380000)
 Metaspace       used 41162K, capacity 42412K, committed 42544K, reserved 1085440K
  class space    used 5575K, capacity 5884K, committed 5936K, reserved 1048576K
}
Event: 71.573 GC heap before
{Heap before GC invocations=18 (full 2):
 PSYoungGen      total 84992K, used 84968K [0x00000000d5580000, 0x00000000dc400000, 0x0000000100000000)
  eden space 77312K, 100% used [0x00000000d5580000,0x00000000da100000,0x00000000da100000)
  from space 7680K, 99% used [0x00000000da100000,0x00000000da87a0e0,0x00000000da880000)
  to   space 9216K, 0% used [0x00000000dbb00000,0x00000000dbb00000,0x00000000dc400000)
 ParOldGen       total 52736K, used 14994K [0x0000000080000000, 0x0000000083380000, 0x00000000d5580000)
  object space 52736K, 28% used [0x0000000080000000,0x0000000080ea4958,0x0000000083380000)
 Metaspace       used 47589K, capacity 49118K, committed 49328K, reserved 1091584K
  class space    used 6390K, capacity 6765K, committed 6832K, reserved 1048576K
Event: 71.646 GC heap after
Heap after GC invocations=18 (full 2):
 PSYoungGen      total 100864K, used 9210K [0x00000000d5580000, 0x00000000dc900000, 0x0000000100000000)
  eden space 91648K, 0% used [0x00000000d5580000,0x00000000d5580000,0x00000000daf00000)
  from space 9216K, 99% used [0x00000000dbb00000,0x00000000dc3fea60,0x00000000dc400000)
  to   space 12288K, 0% used [0x00000000daf00000,0x00000000daf00000,0x00000000dbb00000)
 ParOldGen       total 52736K, used 19946K [0x0000000080000000, 0x0000000083380000, 0x00000000d5580000)
  object space 52736K, 37% used [0x0000000080000000,0x000000008137a9f8,0x0000000083380000)
 Metaspace       used 47589K, capacity 49118K, committed 49328K, reserved 1091584K
  class space    used 6390K, capacity 6765K, committed 6832K, reserved 1048576K
}

Deoptimization events (10 events):
Event: 68.879 Thread 0x00000000179be000 Uncommon trap: reason=unstable_if action=reinterpret pc=0x00000000034b976c method=java.security.CodeSource.getCertificates()[Ljava/security/cert/Certificate; @ 22
Event: 68.882 Thread 0x00000000179be000 Uncommon trap: reason=unstable_if action=reinterpret pc=0x000000000347d3b0 method=java.util.jar.JarFile.maybeInstantiateVerifier()V @ 4
Event: 68.882 Thread 0x00000000179be000 Uncommon trap: reason=unstable_if action=reinterpret pc=0x000000000388d2a8 method=java.util.jar.JarFile.maybeInstantiateVerifier()V @ 4
Event: 68.883 Thread 0x00000000179be000 Uncommon trap: reason=unstable_if action=reinterpret pc=0x00000000031fb9bc method=java.security.CodeSource.matchCerts(Ljava/security/CodeSource;Z)Z @ 11
Event: 69.048 Thread 0x00000000179be000 Uncommon trap: reason=unstable_if action=reinterpret pc=0x0000000003a2c624 method=java.util.LinkedHashMap.get(Ljava/lang/Object;)Ljava/lang/Object; @ 20
Event: 69.243 Thread 0x00000000179be000 Uncommon trap: reason=unstable_if action=reinterpret pc=0x00000000033595fc method=java.security.CodeSource.matchCerts(Ljava/security/CodeSource;Z)Z @ 11
Event: 71.490 Thread 0x00000000179be000 Uncommon trap: reason=unstable_if action=reinterpret pc=0x000000000388f6e8 method=org.gradle.internal.reflect.PropertyAccessorType.of(Ljava/lang/reflect/Method;)Lorg/gradle/internal/reflect/PropertyAccessorType; @ 56
Event: 71.651 Thread 0x0000000002e91800 Uncommon trap: reason=unstable_if action=reinterpret pc=0x00000000034b6d64 method=java.util.WeakHashMap.eq(Ljava/lang/Object;Ljava/lang/Object;)Z @ 2
Event: 72.640 Thread 0x00000000179be000 Uncommon trap: reason=unstable_if action=reinterpret pc=0x00000000038115b0 method=org.gradle.internal.instantiation.generator.AbstractClassGenerator$InjectionAnnotationValidator.validateMethod(Ljava/lang/reflect/Method;Lorg/gradle/internal/reflect/Propert
Event: 72.640 Thread 0x00000000179be000 Uncommon trap: reason=unstable_if action=reinterpret pc=0x0000000003812550 method=org.gradle.internal.instantiation.generator.AbstractClassGenerator$InjectionAnnotationValidator.validateMethod(Ljava/lang/reflect/Method;Lorg/gradle/internal/reflect/Propert

Classes redefined (0 events):
No events

Internal exceptions (10 events):
Event: 73.268 Thread 0x00000000179be000 Exception <a 'java/lang/ClassNotFoundException': build_4j5kng3k3g160vcgmikwj4h7e$_run_closure1BeanInfo> (0x00000000d6ba7a78) thrown at [C:\src\AOSP-openjdk-git\hotspot\src\share\vm\classfile\systemDictionary.cpp, line 210]
Event: 73.269 Thread 0x00000000179be000 Exception <a 'java/lang/ClassNotFoundException': build_4j5kng3k3g160vcgmikwj4h7e$_run_closure1Customizer> (0x00000000d6bb9410) thrown at [C:\src\AOSP-openjdk-git\hotspot\src\share\vm\classfile\systemDictionary.cpp, line 210]
Event: 73.304 Thread 0x00000000179be000 Exception <a 'java/lang/ClassNotFoundException': org/gradle/api/internal/file/collections/DefaultConfigurableFileTreeBeanInfo> (0x00000000d6d6ba50) thrown at [C:\src\AOSP-openjdk-git\hotspot\src\share\vm\classfile\systemDictionary.cpp, line 210]
Event: 73.306 Thread 0x00000000179be000 Exception <a 'java/lang/ClassNotFoundException': org/gradle/api/internal/file/CompositeFileTreeBeanInfo> (0x00000000d6da5918) thrown at [C:\src\AOSP-openjdk-git\hotspot\src\share\vm\classfile\systemDictionary.cpp, line 210]
Event: 73.356 Thread 0x00000000179be000 Exception <a 'java/lang/ClassNotFoundException': org/gradle/api/internal/file/CompositeFileCollectionBeanInfo> (0x00000000d6de3f80) thrown at [C:\src\AOSP-openjdk-git\hotspot\src\share\vm\classfile\systemDictionary.cpp, line 210]
Event: 73.358 Thread 0x00000000179be000 Exception <a 'java/lang/ClassNotFoundException': org/gradle/api/internal/file/AbstractFileCollectionBeanInfo> (0x00000000d6e229c0) thrown at [C:\src\AOSP-openjdk-git\hotspot\src\share\vm\classfile\systemDictionary.cpp, line 210]
Event: 73.359 Thread 0x00000000179be000 Exception <a 'java/lang/ClassNotFoundException': org/gradle/api/internal/file/AbstractFileCollectionCustomizer> (0x00000000d6e62008) thrown at [C:\src\AOSP-openjdk-git\hotspot\src\share\vm\classfile\systemDictionary.cpp, line 210]
Event: 73.361 Thread 0x00000000179be000 Exception <a 'java/lang/ClassNotFoundException': org/gradle/api/internal/file/CompositeFileCollectionCustomizer> (0x00000000d6eb2988) thrown at [C:\src\AOSP-openjdk-git\hotspot\src\share\vm\classfile\systemDictionary.cpp, line 210]
Event: 73.362 Thread 0x00000000179be000 Exception <a 'java/lang/ClassNotFoundException': org/gradle/api/internal/file/CompositeFileTreeCustomizer> (0x00000000d6efd0f8) thrown at [C:\src\AOSP-openjdk-git\hotspot\src\share\vm\classfile\systemDictionary.cpp, line 210]
Event: 73.364 Thread 0x00000000179be000 Exception <a 'java/lang/ClassNotFoundException': org/gradle/api/internal/file/collections/DefaultConfigurableFileTreeCustomizer> (0x00000000d6f53e70) thrown at [C:\src\AOSP-openjdk-git\hotspot\src\share\vm\classfile\systemDictionary.cpp, line 210]

Events (10 events):
Event: 73.742 loading class com/android/build/gradle/internal/pipeline/ExtendedContentType
Event: 73.742 loading class com/android/build/gradle/internal/pipeline/ExtendedContentType done
Event: 73.746 loading class com/android/build/api/transform/QualifiedContent$Scope
Event: 73.746 loading class com/android/build/api/transform/QualifiedContent$Scope done
Event: 73.748 loading class com/android/build/gradle/internal/InternalScope
Event: 73.748 loading class com/android/build/gradle/internal/InternalScope done
Event: 73.771 loading class com/android/build/gradle/internal/publishing/PublishingSpecs
Event: 73.771 loading class com/android/build/gradle/internal/publishing/PublishingSpecs done
Event: 73.915 loading class com/android/build/gradle/internal/publishing/PublishingSpecs$Companion
Event: 73.915 loading class com/android/build/gradle/internal/publishing/PublishingSpecs$Companion done


Dynamic libraries:
0x00007ff6b72c0000 - 0x00007ff6b72f1000 	C:\Program Files\Android\Android Studio\jre\bin\java.exe
0x00007ffa0a480000 - 0x00007ffa0a66d000 	C:\Windows\SYSTEM32\ntdll.dll
0x00007ffa07970000 - 0x00007ffa07a23000 	C:\Windows\System32\KERNEL32.DLL
0x00007ffa07000000 - 0x00007ffa07295000 	C:\Windows\System32\KERNELBASE.dll
0x00007ffa08120000 - 0x00007ffa081c3000 	C:\Windows\System32\ADVAPI32.dll
0x00007ffa08400000 - 0x00007ffa0849e000 	C:\Windows\System32\msvcrt.dll
0x00007ffa07bf0000 - 0x00007ffa07c8e000 	C:\Windows\System32\sechost.dll
0x00007ffa081f0000 - 0x00007ffa08312000 	C:\Windows\System32\RPCRT4.dll
0x00007ffa076a0000 - 0x00007ffa07837000 	C:\Windows\System32\USER32.dll
0x00007ffa072a0000 - 0x00007ffa072c0000 	C:\Windows\System32\win32u.dll
0x00007ffa09f80000 - 0x00007ffa09fa9000 	C:\Windows\System32\GDI32.dll
0x00007ffa06540000 - 0x00007ffa066da000 	C:\Windows\System32\gdi32full.dll
0x00007ffa07600000 - 0x00007ffa076a0000 	C:\Windows\System32\msvcp_win.dll
0x00007ffa066e0000 - 0x00007ffa067da000 	C:\Windows\System32\ucrtbase.dll
0x00007ff9f94d0000 - 0x00007ff9f9749000 	C:\Windows\WinSxS\amd64_microsoft.windows.common-controls_6595b64144ccf1df_6.0.17763.1282_none_de75b6f253473c0f\COMCTL32.dll
0x00007ffa0a120000 - 0x00007ffa0a44c000 	C:\Windows\System32\combase.dll
0x00007ffa072c0000 - 0x00007ffa0733e000 	C:\Windows\System32\bcryptPrimitives.dll
0x00007ffa09ee0000 - 0x00007ffa09f0e000 	C:\Windows\System32\IMM32.DLL
0x0000000067040000 - 0x0000000067112000 	C:\Program Files\Android\Android Studio\jre\jre\bin\msvcr100.dll
0x0000000067120000 - 0x000000006796b000 	C:\Program Files\Android\Android Studio\jre\jre\bin\server\jvm.dll
0x00007ffa084a0000 - 0x00007ffa084a8000 	C:\Windows\System32\PSAPI.DLL
0x00007ffa001c0000 - 0x00007ffa001c9000 	C:\Windows\SYSTEM32\WSOCK32.dll
0x00007ffa09f10000 - 0x00007ffa09f7d000 	C:\Windows\System32\WS2_32.dll
0x00007ffa038f0000 - 0x00007ffa03914000 	C:\Windows\SYSTEM32\WINMM.dll
0x00007ff9f47f0000 - 0x00007ff9f47fa000 	C:\Windows\SYSTEM32\VERSION.dll
0x00007ffa038c0000 - 0x00007ffa038ed000 	C:\Windows\SYSTEM32\WINMMBASE.dll
0x00007ffa067e0000 - 0x00007ffa0682a000 	C:\Windows\System32\cfgmgr32.dll
0x00007ffa001b0000 - 0x00007ffa001bf000 	C:\Program Files\Android\Android Studio\jre\jre\bin\verify.dll
0x00007ff9f0910000 - 0x00007ff9f0939000 	C:\Program Files\Android\Android Studio\jre\jre\bin\java.dll
0x00007ff9f06d0000 - 0x00007ff9f06e6000 	C:\Program Files\Android\Android Studio\jre\jre\bin\zip.dll
0x00007ffa089e0000 - 0x00007ffa09ed8000 	C:\Windows\System32\SHELL32.dll
0x00007ffa08930000 - 0x00007ffa089d8000 	C:\Windows\System32\shcore.dll
0x00007ffa06830000 - 0x00007ffa06f7f000 	C:\Windows\System32\windows.storage.dll
0x00007ffa064f0000 - 0x00007ffa06514000 	C:\Windows\System32\profapi.dll
0x00007ffa06490000 - 0x00007ffa064ed000 	C:\Windows\System32\powrprof.dll
0x00007ffa08320000 - 0x00007ffa08372000 	C:\Windows\System32\shlwapi.dll
0x00007ffa06470000 - 0x00007ffa06481000 	C:\Windows\System32\kernel.appcore.dll
0x00007ffa06fe0000 - 0x00007ffa06ff7000 	C:\Windows\System32\cryptsp.dll
0x00007ff9f2700000 - 0x00007ff9f271a000 	C:\Program Files\Android\Android Studio\jre\jre\bin\net.dll
0x00007ffa05cd0000 - 0x00007ffa05d37000 	C:\Windows\system32\mswsock.dll
0x00007ff9f08f0000 - 0x00007ff9f0903000 	C:\Program Files\Android\Android Studio\jre\jre\bin\nio.dll
0x00007ff9f06a0000 - 0x00007ff9f06c6000 	C:\Users\Jaber Alkhaldi\.gradle\native\31\windows-amd64\native-platform.dll
0x00007ff9f26c0000 - 0x00007ff9f26cd000 	C:\Program Files\Android\Android Studio\jre\jre\bin\management.dll
0x00007ffa057f0000 - 0x00007ffa05823000 	C:\Windows\system32\rsaenh.dll
0x00007ffa07340000 - 0x00007ffa07366000 	C:\Windows\System32\bcrypt.dll
0x00007ffa06360000 - 0x00007ffa06388000 	C:\Windows\SYSTEM32\USERENV.dll
0x00007ffa05ea0000 - 0x00007ffa05eac000 	C:\Windows\SYSTEM32\CRYPTBASE.dll
0x00007ffa059f0000 - 0x00007ffa05a2d000 	C:\Windows\SYSTEM32\IPHLPAPI.DLL
0x00007ffa083e0000 - 0x00007ffa083e8000 	C:\Windows\System32\NSI.dll
0x00007ff9f9c50000 - 0x00007ff9f9c66000 	C:\Windows\SYSTEM32\dhcpcsvc6.DLL
0x00007ff9fa270000 - 0x00007ff9fa28c000 	C:\Windows\SYSTEM32\dhcpcsvc.DLL
0x00007ffa05a30000 - 0x00007ffa05af7000 	C:\Windows\SYSTEM32\DNSAPI.dll

VM Arguments:
jvm_args: -Xmx2048m -Dfile.encoding=windows-1252 -Duser.country=US -Duser.language=en -Duser.variant 
java_command: org.gradle.launcher.daemon.bootstrap.GradleDaemon 6.1.1
java_class_path (initial): C:\Users\Jaber Alkhaldi\.gradle\wrapper\dists\gradle-6.1.1-all\cfmwm155h49vnt3hynmlrsdst\gradle-6.1.1\lib\gradle-launcher-6.1.1.jar
Launcher Type: SUN_STANDARD

Environment Variables:
PATH=C:\Windows\system32;C:\Windows;C:\Windows\System32\Wbem;C:\Windows\System32\WindowsPowerShell\v1.0\;C:\Windows\System32\OpenSSH\;C:\Users\Jaber Alkhaldi\AppData\Local\Microsoft\WindowsApps;C:\Users\Jaber Alkhaldi\AppData\Local\GitHubDesktop\bin
USERNAME=Jaber Alkhaldi
OS=Windows_NT
PROCESSOR_IDENTIFIER=Intel64 Family 6 Model 122 Stepping 1, GenuineIntel



---------------  S Y S T E M  ---------------

OS: Windows 10.0 , 64 bit Build 17763 (10.0.17763.1158)

CPU:total 2 (initial active 2) (2 cores per cpu, 1 threads per core) family 6 model 122 stepping 1, cmov, cx8, fxsr, mmx, sse, sse2, sse3, ssse3, sse4.1, sse4.2, popcnt, aes, clmul, erms, 3dnowpref, tsc, tscinvbit

Memory: 4k page, physical 4013212k(96740k free), swap 11502744k(4780k free)

vm_info: OpenJDK 64-Bit Server VM (25.242-b01) for windows-amd64 JRE (1.8.0_242-release-1644-b01), built by "builder" with MS VC++ 10.0 (VS2010)

time: Fri Jun 26 22:12:36 2020
timezone: Arab Standard Time
elapsed time: 73 seconds (0d 0h 1m 13s)

