#
# There is insufficient memory for the Java Runtime Environment to continue.
# Native memory allocation (malloc) failed to allocate 1573456 bytes for Chunk::new
# Possible reasons:
#   The system is out of physical RAM or swap space
#   The process is running with CompressedOops enabled, and the Java Heap may be blocking the growth of the native heap
# Possible solutions:
#   Reduce memory load on the system
#   Increase physical memory or swap space
#   Check if swap backing store is full
#   Decrease Java heap size (-Xmx/-Xms)
#   Decrease number of Java threads
#   Decrease Java thread stack sizes (-Xss)
#   Set larger code cache with -XX:ReservedCodeCacheSize=
#   JVM is running with Unscaled Compressed Oops mode in which the Java heap is
#     placed in the first 4GB address space. The Java Heap base address is the
#     maximum limit for the native heap growth. Please use -XX:HeapBaseMinAddress
#     to set the Java Heap base and to place the Java Heap above 4GB virtual address.
# This output file may be truncated or incomplete.
#
#  Out of Memory Error (allocation.cpp:389), pid=13732, tid=0x0000000000003984
#
# JRE version: OpenJDK Runtime Environment (8.0_242-b01) (build 1.8.0_242-release-1644-b01)
# Java VM: OpenJDK 64-Bit Server VM (25.242-b01 mixed mode windows-amd64 compressed oops)
# Failed to write core dump. Minidumps are not enabled by default on client versions of Windows
#

---------------  T H R E A D  ---------------

Current thread (0x0000000017360800):  JavaThread "C2 CompilerThread0" daemon [_thread_in_native, id=14724, stack(0x00000000183a0000,0x00000000184a0000)]

Stack: [0x00000000183a0000,0x00000000184a0000]
[error occurred during error reporting (printing stack bounds), id 0xc0000005]

Native frames: (J=compiled Java code, j=interpreted, Vv=VM code, C=native code)


Current CompileTask:
C2:  73999 5125       4       sun.reflect.generics.parser.SignatureParser::parsePackageNameAndSimpleClassTypeSignature (139 bytes)


---------------  P R O C E S S  ---------------

Java Threads: ( => current thread )
  0x0000000018928800 JavaThread "Cache worker for file content cache (C:\Users\Jaber Alkhaldi\AndroidStudioProjects\Day1\.gradle\6.1.1\fileContent)" [_thread_blocked, id=9248, stack(0x0000000021660000,0x0000000021760000)]
  0x0000000018927000 JavaThread "Cache worker for file content cache (C:\Users\Jaber Alkhaldi\.gradle\caches\6.1.1\fileContent)" [_thread_blocked, id=12408, stack(0x0000000021560000,0x0000000021660000)]
  0x0000000018926000 JavaThread "Memory manager" [_thread_blocked, id=2740, stack(0x0000000021460000,0x0000000021560000)]
  0x0000000018922800 JavaThread "Cache worker for Build Output Cleanup Cache (C:\Users\Jaber Alkhaldi\AndroidStudioProjects\Day1\.gradle\buildOutputCleanup)" [_thread_blocked, id=15876, stack(0x0000000020b60000,0x0000000020c60000)]
  0x0000000018924000 JavaThread "Build operations Thread 2" [_thread_blocked, id=6736, stack(0x0000000020460000,0x0000000020560000)]
  0x0000000018923000 JavaThread "Build operations" [_thread_blocked, id=9988, stack(0x0000000020360000,0x0000000020460000)]
  0x000000001a0ea000 JavaThread "Cache worker for execution history cache (C:\Users\Jaber Alkhaldi\.gradle\caches\6.1.1\executionHistory)" [_thread_blocked, id=5716, stack(0x000000001f460000,0x000000001f560000)]
  0x000000001a0e6800 JavaThread "Cache worker for cache directory md-rule (C:\Users\Jaber Alkhaldi\.gradle\caches\6.1.1\md-rule)" [_thread_blocked, id=1836, stack(0x000000001f360000,0x000000001f460000)]
  0x000000001a0eb000 JavaThread "Cache worker for cache directory md-supplier (C:\Users\Jaber Alkhaldi\.gradle\caches\6.1.1\md-supplier)" [_thread_blocked, id=5936, stack(0x000000001f260000,0x000000001f360000)]
  0x000000001a0e5000 JavaThread "Cache worker for file hash cache (C:\Users\Jaber Alkhaldi\AndroidStudioProjects\Day1\.gradle\6.1.1\fileHashes)" [_thread_blocked, id=16160, stack(0x000000001ed60000,0x000000001ee60000)]
  0x000000001a0e5800 JavaThread "Cache worker for checksums cache (C:\Users\Jaber Alkhaldi\AndroidStudioProjects\Day1\.gradle\checksums)" [_thread_blocked, id=3044, stack(0x000000001ec60000,0x000000001ed60000)]
  0x000000001a0e8000 JavaThread "Cache worker for file hash cache (C:\Users\Jaber Alkhaldi\.gradle\caches\6.1.1\fileHashes)" [_thread_blocked, id=14108, stack(0x000000001c9c0000,0x000000001cac0000)]
  0x000000001a0e9800 JavaThread "File lock request listener" [_thread_in_native, id=10728, stack(0x000000001c8c0000,0x000000001c9c0000)]
  0x0000000018ad7000 JavaThread "Cache worker for journal cache (C:\Users\Jaber Alkhaldi\.gradle\caches\journal-1)" [_thread_blocked, id=6912, stack(0x000000001c7c0000,0x000000001c8c0000)]
  0x0000000019e55800 JavaThread "Thread-9" [_thread_blocked, id=7668, stack(0x000000001b4f0000,0x000000001b5f0000)]
  0x0000000019e58800 JavaThread "Asynchronous log dispatcher for DefaultDaemonConnection: socket connection from /127.0.0.1:58844 to /127.0.0.1:58845" [_thread_blocked, id=16296, stack(0x000000001b2f0000,0x000000001b3f0000)]
  0x0000000019e39800 JavaThread "Daemon worker" [_thread_in_native, id=15608, stack(0x000000001b1f0000,0x000000001b2f0000)]
  0x0000000019e38800 JavaThread "Cancel handler" [_thread_blocked, id=2196, stack(0x000000001b0f0000,0x000000001b1f0000)]
  0x00000000191f9000 JavaThread "Handler for socket connection from /127.0.0.1:58844 to /127.0.0.1:58845" [_thread_in_native, id=6768, stack(0x000000001adf0000,0x000000001aef0000)]
  0x00000000191f4000 JavaThread "Daemon" [_thread_blocked, id=12352, stack(0x000000001acf0000,0x000000001adf0000)]
  0x0000000019b67000 JavaThread "Daemon periodic checks" [_thread_blocked, id=17372, stack(0x000000001abf0000,0x000000001acf0000)]
  0x0000000019b62800 JavaThread "Incoming local TCP Connector on port 58844" [_thread_in_native, id=17660, stack(0x000000001a9b0000,0x000000001aab0000)]
  0x0000000019755800 JavaThread "Daemon health stats" [_thread_blocked, id=9736, stack(0x000000001a370000,0x000000001a470000)]
  0x00000000173d5800 JavaThread "Service Thread" daemon [_thread_blocked, id=10996, stack(0x00000000185a0000,0x00000000186a0000)]
  0x0000000017363800 JavaThread "C1 CompilerThread1" daemon [_thread_blocked, id=13188, stack(0x00000000184a0000,0x00000000185a0000)]
=>0x0000000017360800 JavaThread "C2 CompilerThread0" daemon [_thread_in_native, id=14724, stack(0x00000000183a0000,0x00000000184a0000)]
  0x000000001735f000 JavaThread "Attach Listener" daemon [_thread_blocked, id=10588, stack(0x00000000182a0000,0x00000000183a0000)]
  0x000000001735c000 JavaThread "Signal Dispatcher" daemon [_thread_blocked, id=10608, stack(0x00000000181a0000,0x00000000182a0000)]
  0x0000000002977000 JavaThread "Finalizer" daemon [_thread_blocked, id=15448, stack(0x0000000017fa0000,0x00000000180a0000)]
  0x0000000017347000 JavaThread "Reference Handler" daemon [_thread_blocked, id=5016, stack(0x0000000017ea0000,0x0000000017fa0000)]
  0x000000000274e000 JavaThread "main" [_thread_blocked, id=5904, stack(0x0000000002780000,0x0000000002880000)]

Other Threads:
  0x0000000017326800 VMThread [stack: 0x0000000017da0000,0x0000000017ea0000] [id=5020]
  0x00000000173d8000 WatcherThread [stack: 0x00000000186a0000,0x00000000187a0000] [id=16508]

VM state:not at safepoint (normal execution)

VM Mutex/Monitor currently owned by a thread: None

heap address: 0x0000000080000000, size: 2048 MB, Compressed Oops mode: 32-bit
Narrow klass base: 0x0000000000000000, Narrow klass shift: 3
Compressed class space size: 1073741824 Address: 0x0000000100000000

Heap:
 PSYoungGen      total 193536K, used 87424K [0x00000000d5580000, 0x00000000e7680000, 0x0000000100000000)
  eden space 180736K, 41% used [0x00000000d5580000,0x00000000d9e64258,0x00000000e0600000)
  from space 12800K, 99% used [0x00000000e0600000,0x00000000e127c100,0x00000000e1280000)
  to   space 17920K, 0% used [0x00000000e6500000,0x00000000e6500000,0x00000000e7680000)
 ParOldGen       total 47104K, used 24395K [0x0000000080000000, 0x0000000082e00000, 0x00000000d5580000)
  object space 47104K, 51% used [0x0000000080000000,0x00000000817d2ce8,0x0000000082e00000)
 Metaspace       used 56170K, capacity 58124K, committed 58416K, reserved 1099776K
  class space    used 7697K, capacity 8157K, committed 8240K, reserved 1048576K

Card table byte_map: [0x0000000011d40000,0x0000000012150000] byte_map_base: 0x0000000011940000

Marking Bits: (ParMarkBitMap*) 0x00000000678ef030
 Begin Bits: [0x0000000012600000, 0x0000000014600000)
 End Bits:   [0x0000000014600000, 0x0000000016600000)

Polling page: 0x0000000000a30000

CodeCache: size=245760Kb used=16265Kb max_used=16276Kb free=229494Kb
 bounds [0x0000000002980000, 0x0000000003980000, 0x0000000011980000]
 total_blobs=5530 nmethods=4753 adapters=690
 compilation: enabled

Compilation events (10 events):
Event: 73.177 Thread 0x0000000017363800 nmethod 5120 0x00000000030116d0 code [0x0000000003011840, 0x0000000003011a78]
Event: 73.177 Thread 0x0000000017363800 5121       3       sun.reflect.annotation.AnnotationParser::skipMemberValue (65 bytes)
Event: 73.178 Thread 0x0000000017363800 nmethod 5121 0x0000000003010bd0 code [0x0000000003010dc0, 0x0000000003011438]
Event: 73.216 Thread 0x0000000017363800 5122       3       com.sun.xml.bind.v2.model.impl.TypeInfoImpl::nav (8 bytes)
Event: 73.217 Thread 0x0000000017363800 nmethod 5122 0x0000000002f34c10 code [0x0000000002f34d60, 0x0000000002f34eb0]
Event: 73.245 Thread 0x0000000017363800 5123       3       com.sun.xml.bind.v2.model.impl.TypeInfoImpl::reader (8 bytes)
Event: 73.245 Thread 0x0000000017363800 nmethod 5123 0x0000000002f35510 code [0x0000000002f35660, 0x0000000002f357b0]
Event: 73.256 Thread 0x0000000017360800 5124       4       java.lang.Class::forName (53 bytes)
Event: 73.257 Thread 0x0000000017360800 nmethod 5124 0x000000000323cb10 code [0x000000000323cc60, 0x000000000323cce8]
Event: 73.513 Thread 0x0000000017360800 5125       4       sun.reflect.generics.parser.SignatureParser::parsePackageNameAndSimpleClassTypeSignature (139 bytes)

GC Heap History (10 events):
Event: 19.352 GC heap before
{Heap before GC invocations=9 (full 1):
 PSYoungGen      total 133632K, used 4771K [0x00000000d5580000, 0x00000000de180000, 0x0000000100000000)
  eden space 124928K, 0% used [0x00000000d5580000,0x00000000d5580000,0x00000000dcf80000)
  from space 8704K, 54% used [0x00000000dd900000,0x00000000ddda8d08,0x00000000de180000)
  to   space 9216K, 0% used [0x00000000dcf80000,0x00000000dcf80000,0x00000000dd880000)
 ParOldGen       total 42496K, used 8471K [0x0000000080000000, 0x0000000082980000, 0x00000000d5580000)
  object space 42496K, 19% used [0x0000000080000000,0x0000000080845e10,0x0000000082980000)
 Metaspace       used 20578K, capacity 21228K, committed 21296K, reserved 1067008K
  class space    used 2873K, capacity 3084K, committed 3120K, reserved 1048576K
Event: 19.500 GC heap after
Heap after GC invocations=9 (full 1):
 PSYoungGen      total 133632K, used 0K [0x00000000d5580000, 0x00000000de180000, 0x0000000100000000)
  eden space 124928K, 0% used [0x00000000d5580000,0x00000000d5580000,0x00000000dcf80000)
  from space 8704K, 0% used [0x00000000dd900000,0x00000000dd900000,0x00000000de180000)
  to   space 9216K, 0% used [0x00000000dcf80000,0x00000000dcf80000,0x00000000dd880000)
 ParOldGen       total 31744K, used 7609K [0x0000000080000000, 0x0000000081f00000, 0x00000000d5580000)
  object space 31744K, 23% used [0x0000000080000000,0x000000008076e498,0x0000000081f00000)
 Metaspace       used 20578K, capacity 21228K, committed 21296K, reserved 1067008K
  class space    used 2873K, capacity 3084K, committed 3120K, reserved 1048576K
}
Event: 35.541 GC heap before
{Heap before GC invocations=10 (full 1):
 PSYoungGen      total 133632K, used 124928K [0x00000000d5580000, 0x00000000de180000, 0x0000000100000000)
  eden space 124928K, 100% used [0x00000000d5580000,0x00000000dcf80000,0x00000000dcf80000)
  from space 8704K, 0% used [0x00000000dd900000,0x00000000dd900000,0x00000000de180000)
  to   space 9216K, 0% used [0x00000000dcf80000,0x00000000dcf80000,0x00000000dd880000)
 ParOldGen       total 31744K, used 7609K [0x0000000080000000, 0x0000000081f00000, 0x00000000d5580000)
  object space 31744K, 23% used [0x0000000080000000,0x000000008076e498,0x0000000081f00000)
 Metaspace       used 31939K, capacity 32684K, committed 32816K, reserved 1077248K
  class space    used 4355K, capacity 4574K, committed 4656K, reserved 1048576K
Event: 36.010 GC heap after
Heap after GC invocations=10 (full 1):
 PSYoungGen      total 134144K, used 9184K [0x00000000d5580000, 0x00000000e1e80000, 0x0000000100000000)
  eden space 124928K, 0% used [0x00000000d5580000,0x00000000d5580000,0x00000000dcf80000)
  from space 9216K, 99% used [0x00000000dcf80000,0x00000000dd878220,0x00000000dd880000)
  to   space 12288K, 0% used [0x00000000e1280000,0x00000000e1280000,0x00000000e1e80000)
 ParOldGen       total 31744K, used 11396K [0x0000000080000000, 0x0000000081f00000, 0x00000000d5580000)
  object space 31744K, 35% used [0x0000000080000000,0x0000000080b21050,0x0000000081f00000)
 Metaspace       used 31939K, capacity 32684K, committed 32816K, reserved 1077248K
  class space    used 4355K, capacity 4574K, committed 4656K, reserved 1048576K
}
Event: 39.125 GC heap before
{Heap before GC invocations=11 (full 1):
 PSYoungGen      total 134144K, used 62152K [0x00000000d5580000, 0x00000000e1e80000, 0x0000000100000000)
  eden space 124928K, 42% used [0x00000000d5580000,0x00000000d8939f68,0x00000000dcf80000)
  from space 9216K, 99% used [0x00000000dcf80000,0x00000000dd878220,0x00000000dd880000)
  to   space 12288K, 0% used [0x00000000e1280000,0x00000000e1280000,0x00000000e1e80000)
 ParOldGen       total 31744K, used 11396K [0x0000000080000000, 0x0000000081f00000, 0x00000000d5580000)
  object space 31744K, 35% used [0x0000000080000000,0x0000000080b21050,0x0000000081f00000)
 Metaspace       used 34598K, capacity 35462K, committed 35496K, reserved 1079296K
  class space    used 4751K, capacity 5034K, committed 5040K, reserved 1048576K
Event: 39.192 GC heap after
Heap after GC invocations=11 (full 1):
 PSYoungGen      total 193024K, used 9058K [0x00000000d5580000, 0x00000000e1f80000, 0x0000000100000000)
  eden space 180736K, 0% used [0x00000000d5580000,0x00000000d5580000,0x00000000e0600000)
  from space 12288K, 73% used [0x00000000e1280000,0x00000000e1b58bc0,0x00000000e1e80000)
  to   space 12800K, 0% used [0x00000000e0600000,0x00000000e0600000,0x00000000e1280000)
 ParOldGen       total 31744K, used 11404K [0x0000000080000000, 0x0000000081f00000, 0x00000000d5580000)
  object space 31744K, 35% used [0x0000000080000000,0x0000000080b23050,0x0000000081f00000)
 Metaspace       used 34598K, capacity 35462K, committed 35496K, reserved 1079296K
  class space    used 4751K, capacity 5034K, committed 5040K, reserved 1048576K
}
Event: 39.193 GC heap before
{Heap before GC invocations=12 (full 2):
 PSYoungGen      total 193024K, used 9058K [0x00000000d5580000, 0x00000000e1f80000, 0x0000000100000000)
  eden space 180736K, 0% used [0x00000000d5580000,0x00000000d5580000,0x00000000e0600000)
  from space 12288K, 73% used [0x00000000e1280000,0x00000000e1b58bc0,0x00000000e1e80000)
  to   space 12800K, 0% used [0x00000000e0600000,0x00000000e0600000,0x00000000e1280000)
 ParOldGen       total 31744K, used 11404K [0x0000000080000000, 0x0000000081f00000, 0x00000000d5580000)
  object space 31744K, 35% used [0x0000000080000000,0x0000000080b23050,0x0000000081f00000)
 Metaspace       used 34598K, capacity 35462K, committed 35496K, reserved 1079296K
  class space    used 4751K, capacity 5034K, committed 5040K, reserved 1048576K
Event: 39.455 GC heap after
Heap after GC invocations=12 (full 2):
 PSYoungGen      total 193024K, used 0K [0x00000000d5580000, 0x00000000e1f80000, 0x0000000100000000)
  eden space 180736K, 0% used [0x00000000d5580000,0x00000000d5580000,0x00000000e0600000)
  from space 12288K, 0% used [0x00000000e1280000,0x00000000e1280000,0x00000000e1e80000)
  to   space 12800K, 0% used [0x00000000e0600000,0x00000000e0600000,0x00000000e1280000)
 ParOldGen       total 47104K, used 15674K [0x0000000080000000, 0x0000000082e00000, 0x00000000d5580000)
  object space 47104K, 33% used [0x0000000080000000,0x0000000080f4ebf8,0x0000000082e00000)
 Metaspace       used 34598K, capacity 35462K, committed 35496K, reserved 1079296K
  class space    used 4751K, capacity 5034K, committed 5040K, reserved 1048576K
}
Event: 64.627 GC heap before
{Heap before GC invocations=13 (full 2):
 PSYoungGen      total 193024K, used 180736K [0x00000000d5580000, 0x00000000e1f80000, 0x0000000100000000)
  eden space 180736K, 100% used [0x00000000d5580000,0x00000000e0600000,0x00000000e0600000)
  from space 12288K, 0% used [0x00000000e1280000,0x00000000e1280000,0x00000000e1e80000)
  to   space 12800K, 0% used [0x00000000e0600000,0x00000000e0600000,0x00000000e1280000)
 ParOldGen       total 47104K, used 15674K [0x0000000080000000, 0x0000000082e00000, 0x00000000d5580000)
  object space 47104K, 33% used [0x0000000080000000,0x0000000080f4ebf8,0x0000000082e00000)
 Metaspace       used 49548K, capacity 51126K, committed 51376K, reserved 1093632K
  class space    used 6620K, capacity 7002K, committed 7088K, reserved 1048576K
Event: 65.837 GC heap after
Heap after GC invocations=13 (full 2):
 PSYoungGen      total 193536K, used 12784K [0x00000000d5580000, 0x00000000e7680000, 0x0000000100000000)
  eden space 180736K, 0% used [0x00000000d5580000,0x00000000d5580000,0x00000000e0600000)
  from space 12800K, 99% used [0x00000000e0600000,0x00000000e127c100,0x00000000e1280000)
  to   space 17920K, 0% used [0x00000000e6500000,0x00000000e6500000,0x00000000e7680000)
 ParOldGen       total 47104K, used 24395K [0x0000000080000000, 0x0000000082e00000, 0x00000000d5580000)
  object space 47104K, 51% used [0x0000000080000000,0x00000000817d2ce8,0x0000000082e00000)
 Metaspace       used 49548K, capacity 51126K, committed 51376K, reserved 1093632K
  class space    used 6620K, capacity 7002K, committed 7088K, reserved 1048576K
}

Deoptimization events (10 events):
Event: 70.125 Thread 0x0000000019e39800 Uncommon trap: reason=bimorphic action=maybe_recompile pc=0x000000000324481c method=java.util.AbstractCollection.addAll(Ljava/util/Collection;)Z @ 29
Event: 70.810 Thread 0x0000000019e39800 Uncommon trap: reason=unstable_if action=reinterpret pc=0x0000000002ce47cc method=java.util.HashMap.resize()[Ljava/util/HashMap$Node; @ 206
Event: 70.810 Thread 0x0000000019e39800 Uncommon trap: reason=unstable_if action=reinterpret pc=0x0000000002f2720c method=java.util.HashMap.putVal(ILjava/lang/Object;Ljava/lang/Object;ZZ)Ljava/lang/Object; @ 109
Event: 70.810 Thread 0x0000000019e39800 Uncommon trap: reason=unstable_if action=reinterpret pc=0x0000000002c09a28 method=java.util.HashMap.putVal(ILjava/lang/Object;Ljava/lang/Object;ZZ)Ljava/lang/Object; @ 109
Event: 70.901 Thread 0x0000000019e39800 Uncommon trap: reason=unstable_if action=reinterpret pc=0x00000000033094c0 method=java.io.WinNTFileSystem.normalize(Ljava/lang/String;)Ljava/lang/String; @ 74
Event: 70.908 Thread 0x0000000019e39800 Uncommon trap: reason=unstable_if action=reinterpret pc=0x0000000002f9c1a0 method=java.io.WinNTFileSystem.normalize(Ljava/lang/String;II)Ljava/lang/String; @ 103
Event: 71.949 Thread 0x0000000019e39800 Uncommon trap: reason=bimorphic action=maybe_recompile pc=0x00000000036b1900 method=java.util.regex.Pattern$5.isSatisfiedBy(I)Z @ 16
Event: 71.949 Thread 0x0000000019e39800 Uncommon trap: reason=bimorphic action=maybe_recompile pc=0x00000000036b1900 method=java.util.regex.Pattern$5.isSatisfiedBy(I)Z @ 16
Event: 71.949 Thread 0x0000000019e39800 Uncommon trap: reason=bimorphic action=maybe_recompile pc=0x00000000036b1900 method=java.util.regex.Pattern$5.isSatisfiedBy(I)Z @ 16
Event: 71.949 Thread 0x0000000019e39800 Uncommon trap: reason=bimorphic action=maybe_recompile pc=0x00000000036b1900 method=java.util.regex.Pattern$5.isSatisfiedBy(I)Z @ 16

Classes redefined (0 events):
No events

Internal exceptions (10 events):
Event: 67.117 Thread 0x0000000019e39800 Exception <a 'java/lang/ClassNotFoundException': org/gradle/api/plugins/internal/DefaultBasePluginConventionCustomizer> (0x00000000d5ef7cc8) thrown at [C:\src\AOSP-openjdk-git\hotspot\src\share\vm\classfile\systemDictionary.cpp, line 210]
Event: 67.419 Thread 0x0000000019e39800 Exception <a 'java/lang/NoSuchMethodError': java.lang.Object.lambda$comparingInt$7b0bb60$1(Ljava/util/function/ToIntFunction;Ljava/lang/Object;Ljava/lang/Object;)I> (0x00000000d5f69218) thrown at [C:\src\AOSP-openjdk-git\hotspot\src\share\vm\interpreter\l
Event: 69.930 Thread 0x0000000019e39800 Exception <a 'java/lang/ClassNotFoundException': com/android/build/gradle/internal/api/ApkVariantOutputImpl_DecoratedBeanInfo> (0x00000000d76a5530) thrown at [C:\src\AOSP-openjdk-git\hotspot\src\share\vm\classfile\systemDictionary.cpp, line 210]
Event: 69.934 Thread 0x0000000019e39800 Exception <a 'java/lang/ClassNotFoundException': com/android/build/gradle/internal/api/ApkVariantOutputImplBeanInfo> (0x00000000d76c2580) thrown at [C:\src\AOSP-openjdk-git\hotspot\src\share\vm\classfile\systemDictionary.cpp, line 210]
Event: 69.935 Thread 0x0000000019e39800 Exception <a 'java/lang/ClassNotFoundException': com/android/build/gradle/internal/api/BaseVariantOutputImplBeanInfo> (0x00000000d76e09a8) thrown at [C:\src\AOSP-openjdk-git\hotspot\src\share\vm\classfile\systemDictionary.cpp, line 210]
Event: 69.936 Thread 0x0000000019e39800 Exception <a 'java/lang/ClassNotFoundException': com/android/build/gradle/internal/api/BaseVariantOutputImplCustomizer> (0x00000000d76ff328) thrown at [C:\src\AOSP-openjdk-git\hotspot\src\share\vm\classfile\systemDictionary.cpp, line 210]
Event: 69.938 Thread 0x0000000019e39800 Exception <a 'java/lang/ClassNotFoundException': com/android/build/gradle/internal/api/ApkVariantOutputImplCustomizer> (0x00000000d77378f8) thrown at [C:\src\AOSP-openjdk-git\hotspot\src\share\vm\classfile\systemDictionary.cpp, line 210]
Event: 69.941 Thread 0x0000000019e39800 Exception <a 'java/lang/ClassNotFoundException': com/android/build/gradle/internal/api/ApkVariantOutputImpl_DecoratedCustomizer> (0x00000000d776b468) thrown at [C:\src\AOSP-openjdk-git\hotspot\src\share\vm\classfile\systemDictionary.cpp, line 210]
Event: 72.168 Thread 0x0000000019e39800 Exception <a 'java/lang/ClassNotFoundException': com/sun/org/glassfish/hk2/osgiresourcelocator/ServiceLoader> (0x00000000d8ff8820) thrown at [C:\src\AOSP-openjdk-git\hotspot\src\share\vm\classfile\systemDictionary.cpp, line 210]
Event: 72.789 Thread 0x0000000019e39800 Exception <a 'java/lang/NullPointerException'> (0x00000000d9451548) thrown at [C:\src\AOSP-openjdk-git\hotspot\src\share\vm\interpreter\linkResolver.cpp, line 1287]

Events (10 events):
Event: 73.266 loading class com/sun/xml/bind/v2/model/core/Adapter
Event: 73.266 loading class com/sun/xml/bind/v2/model/core/Adapter done
Event: 73.273 loading class com/sun/xml/bind/v2/runtime/reflect/Utils
Event: 73.273 loading class com/sun/xml/bind/v2/runtime/reflect/Utils done
Event: 73.489 loading class com/sun/xml/bind/v2/runtime/reflect/Utils$1
Event: 73.489 loading class com/sun/xml/bind/v2/runtime/reflect/Utils$1 done
Event: 73.511 loading class javax/xml/bind/annotation/adapters/CollapsedStringAdapter
Event: 73.511 loading class javax/xml/bind/annotation/adapters/CollapsedStringAdapter done
Event: 73.513 loading class javax/xml/bind/annotation/XmlSchemaType$DEFAULT
Event: 73.513 loading class javax/xml/bind/annotation/XmlSchemaType$DEFAULT done


Dynamic libraries:
0x00007ff7fade0000 - 0x00007ff7fae11000 	C:\Program Files\Android\Android Studio\jre\bin\java.exe
0x00007ffa0a480000 - 0x00007ffa0a66d000 	C:\Windows\SYSTEM32\ntdll.dll
0x00007ffa07970000 - 0x00007ffa07a23000 	C:\Windows\System32\KERNEL32.DLL
0x00007ffa07000000 - 0x00007ffa07295000 	C:\Windows\System32\KERNELBASE.dll
0x00007ffa08120000 - 0x00007ffa081c3000 	C:\Windows\System32\ADVAPI32.dll
0x00007ffa08400000 - 0x00007ffa0849e000 	C:\Windows\System32\msvcrt.dll
0x00007ffa07bf0000 - 0x00007ffa07c8e000 	C:\Windows\System32\sechost.dll
0x00007ffa081f0000 - 0x00007ffa08312000 	C:\Windows\System32\RPCRT4.dll
0x00007ffa076a0000 - 0x00007ffa07837000 	C:\Windows\System32\USER32.dll
0x00007ffa072a0000 - 0x00007ffa072c0000 	C:\Windows\System32\win32u.dll
0x00007ffa09f80000 - 0x00007ffa09fa9000 	C:\Windows\System32\GDI32.dll
0x00007ffa06540000 - 0x00007ffa066da000 	C:\Windows\System32\gdi32full.dll
0x00007ffa07600000 - 0x00007ffa076a0000 	C:\Windows\System32\msvcp_win.dll
0x00007ffa066e0000 - 0x00007ffa067da000 	C:\Windows\System32\ucrtbase.dll
0x00007ff9f94d0000 - 0x00007ff9f9749000 	C:\Windows\WinSxS\amd64_microsoft.windows.common-controls_6595b64144ccf1df_6.0.17763.1282_none_de75b6f253473c0f\COMCTL32.dll
0x00007ffa0a120000 - 0x00007ffa0a44c000 	C:\Windows\System32\combase.dll
0x00007ffa072c0000 - 0x00007ffa0733e000 	C:\Windows\System32\bcryptPrimitives.dll
0x00007ffa09ee0000 - 0x00007ffa09f0e000 	C:\Windows\System32\IMM32.DLL
0x0000000067040000 - 0x0000000067112000 	C:\Program Files\Android\Android Studio\jre\jre\bin\msvcr100.dll
0x0000000067120000 - 0x000000006796b000 	C:\Program Files\Android\Android Studio\jre\jre\bin\server\jvm.dll
0x00007ffa084a0000 - 0x00007ffa084a8000 	C:\Windows\System32\PSAPI.DLL
0x00007ffa001c0000 - 0x00007ffa001c9000 	C:\Windows\SYSTEM32\WSOCK32.dll
0x00007ffa09f10000 - 0x00007ffa09f7d000 	C:\Windows\System32\WS2_32.dll
0x00007ff9f47f0000 - 0x00007ff9f47fa000 	C:\Windows\SYSTEM32\VERSION.dll
0x00007ffa038f0000 - 0x00007ffa03914000 	C:\Windows\SYSTEM32\WINMM.dll
0x00007ffa038c0000 - 0x00007ffa038ed000 	C:\Windows\SYSTEM32\WINMMBASE.dll
0x00007ffa067e0000 - 0x00007ffa0682a000 	C:\Windows\System32\cfgmgr32.dll
0x00007ffa001b0000 - 0x00007ffa001bf000 	C:\Program Files\Android\Android Studio\jre\jre\bin\verify.dll
0x00007ff9f0910000 - 0x00007ff9f0939000 	C:\Program Files\Android\Android Studio\jre\jre\bin\java.dll
0x00007ff9f06d0000 - 0x00007ff9f06e6000 	C:\Program Files\Android\Android Studio\jre\jre\bin\zip.dll
0x00007ffa089e0000 - 0x00007ffa09ed8000 	C:\Windows\System32\SHELL32.dll
0x00007ffa08930000 - 0x00007ffa089d8000 	C:\Windows\System32\shcore.dll
0x00007ffa06830000 - 0x00007ffa06f7f000 	C:\Windows\System32\windows.storage.dll
0x00007ffa064f0000 - 0x00007ffa06514000 	C:\Windows\System32\profapi.dll
0x00007ffa06490000 - 0x00007ffa064ed000 	C:\Windows\System32\powrprof.dll
0x00007ffa08320000 - 0x00007ffa08372000 	C:\Windows\System32\shlwapi.dll
0x00007ffa06470000 - 0x00007ffa06481000 	C:\Windows\System32\kernel.appcore.dll
0x00007ffa06fe0000 - 0x00007ffa06ff7000 	C:\Windows\System32\cryptsp.dll
0x00007ff9f2700000 - 0x00007ff9f271a000 	C:\Program Files\Android\Android Studio\jre\jre\bin\net.dll
0x00007ffa05cd0000 - 0x00007ffa05d37000 	C:\Windows\system32\mswsock.dll
0x00007ff9f08f0000 - 0x00007ff9f0903000 	C:\Program Files\Android\Android Studio\jre\jre\bin\nio.dll
0x00007ff9f06a0000 - 0x00007ff9f06c6000 	C:\Users\Jaber Alkhaldi\.gradle\native\31\windows-amd64\native-platform.dll
0x00007ff9f26c0000 - 0x00007ff9f26cd000 	C:\Program Files\Android\Android Studio\jre\jre\bin\management.dll
0x00007ffa057f0000 - 0x00007ffa05823000 	C:\Windows\system32\rsaenh.dll
0x00007ffa07340000 - 0x00007ffa07366000 	C:\Windows\System32\bcrypt.dll
0x00007ffa06360000 - 0x00007ffa06388000 	C:\Windows\SYSTEM32\USERENV.dll
0x00007ffa05ea0000 - 0x00007ffa05eac000 	C:\Windows\SYSTEM32\CRYPTBASE.dll
0x00007ffa059f0000 - 0x00007ffa05a2d000 	C:\Windows\SYSTEM32\IPHLPAPI.DLL
0x00007ffa083e0000 - 0x00007ffa083e8000 	C:\Windows\System32\NSI.dll
0x00007ff9f9c50000 - 0x00007ff9f9c66000 	C:\Windows\SYSTEM32\dhcpcsvc6.DLL
0x00007ff9fa270000 - 0x00007ff9fa28c000 	C:\Windows\SYSTEM32\dhcpcsvc.DLL
0x00007ffa05a30000 - 0x00007ffa05af7000 	C:\Windows\SYSTEM32\DNSAPI.dll

VM Arguments:
jvm_args: -Xmx2048m -Dfile.encoding=windows-1252 -Duser.country=US -Duser.language=en -Duser.variant 
java_command: org.gradle.launcher.daemon.bootstrap.GradleDaemon 6.1.1
java_class_path (initial): C:\Users\Jaber Alkhaldi\.gradle\wrapper\dists\gradle-6.1.1-all\cfmwm155h49vnt3hynmlrsdst\gradle-6.1.1\lib\gradle-launcher-6.1.1.jar
Launcher Type: SUN_STANDARD

Environment Variables:
PATH=C:\Windows\system32;C:\Windows;C:\Windows\System32\Wbem;C:\Windows\System32\WindowsPowerShell\v1.0\;C:\Windows\System32\OpenSSH\;C:\Users\Jaber Alkhaldi\AppData\Local\Microsoft\WindowsApps;C:\Users\Jaber Alkhaldi\AppData\Local\GitHubDesktop\bin
USERNAME=Jaber Alkhaldi
OS=Windows_NT
PROCESSOR_IDENTIFIER=Intel64 Family 6 Model 122 Stepping 1, GenuineIntel



---------------  S Y S T E M  ---------------

OS: Windows 10.0 , 64 bit Build 17763 (10.0.17763.1158)

CPU:total 2 (initial active 2) (2 cores per cpu, 1 threads per core) family 6 model 122 stepping 1, cmov, cx8, fxsr, mmx, sse, sse2, sse3, ssse3, sse4.1, sse4.2, popcnt, aes, clmul, erms, 3dnowpref, tsc, tscinvbit

Memory: 4k page, physical 4013212k(311932k free), swap 11502744k(6364k free)

vm_info: OpenJDK 64-Bit Server VM (25.242-b01) for windows-amd64 JRE (1.8.0_242-release-1644-b01), built by "builder" with MS VC++ 10.0 (VS2010)

time: Fri Jun 26 23:36:57 2020
timezone: Arab Standard Time
elapsed time: 74 seconds (0d 0h 1m 14s)

